<?xml version="1.0" encoding="UTF-8"?>
<testng-results ignored="0" total="1" passed="1" failed="0" skipped="0">
  <reporter-output>
  </reporter-output>
  <suite started-at="2019-09-10T15:04:17Z" name="Default suite" finished-at="2019-09-10T15:04:59Z" duration-ms="42859">
    <groups>
    </groups>
    <test started-at="2019-09-10T15:04:17Z" name="Default test" finished-at="2019-09-10T15:04:59Z" duration-ms="42859">
      <class name="com.atmecs.practo.testscript.BookingDoctorAppointment">
        <test-method is-config="true" signature="setup()[pri:0, instance:com.atmecs.practo.testscript.BookingDoctorAppointment@5db45159]" started-at="2019-09-10T15:04:17Z" name="setup" finished-at="2019-09-10T15:04:42Z" duration-ms="25261" status="PASS">
          <reporter-output>
          </reporter-output>
        </test-method> <!-- setup -->
        <test-method signature="findAndBooking()[pri:0, instance:com.atmecs.practo.testscript.BookingDoctorAppointment@5db45159]" started-at="2019-09-10T15:04:42Z" name="findAndBooking" finished-at="2019-09-10T15:04:58Z" duration-ms="15831" status="PASS">
          <reporter-output>
          </reporter-output>
        </test-method> <!-- findAndBooking -->
        <test-method is-config="true" signature="close()[pri:0, instance:com.atmecs.practo.testscript.BookingDoctorAppointment@5db45159]" started-at="2019-09-10T15:04:58Z" name="close" finished-at="2019-09-10T15:04:59Z" duration-ms="1510" status="PASS">
          <reporter-output>
          </reporter-output>
        </test-method> <!-- close -->
      </class> <!-- com.atmecs.practo.testscript.BookingDoctorAppointment -->
    </test> <!-- Default test -->
  </suite> <!-- Default suite -->
</testng-results>
